
--------------------------------------------------
TXLib сообщает:

Программа: C:\Users\root\source\repos\Labirint\bin\Debug\Labirint.exe, файл: c:\codeblocks\mingw\include\txlib.h, строка: 13628, функция: bool {anonymous}::TX::txBitBlt(HDC, double, double, double, double, HDC, double, double, unsigned int),

Сообщение: Параметр "sourceImage" неверен. Возможно, этот холст не создан, или уже уничтожен, или не загрузилась картинка.

#1: TXLib [Ver: 00173a, Rev: 171, Date: 2021-07-19 01:45:49 +0400], Instance: 0x004F42FC (32-bit), Flags: CMdRe0, Thread: 0x45F0 (Main), GetLastError(): 13 (Недопустимые данные). 

--------------------------------------------------
Стек вызовов:

# 0 0x00416F73 in C:\Users\root\source\repos\Labirint\bin\Debug\Labirint.exe: txBitBlt() at c:/codeblocks/mingw/include/txlib.h (13628)

# 1 0x0041D59E in C:\Users\root\source\repos\Labirint\bin\Debug\Labirint.exe: main() at C:/Users/root/source/repos/Labirint/main.cpp (59):

     57: 
     58:         txBegin();
=>   59:         txBitBlt(txDC(), 0, 0, 800, 800, fon);
     60: 
     61:         hero.draw();

--------------------------------------------------
Developed with:

The Dumb Artist Library (TX Library)
TXLib [Ver: 00173a, Rev: 171, Date: 2021-07-19 01:45:49 +0400]
Copyright (C) Ded (Ilya Dedinsky, http://txlib.ru) <mail@txlib.ru>
See license on: http://txlib.ru

TXLib file:	c:\codeblocks\mingw\include\txlib.h
Compiled:	Feb 24 2023 17:20:43, GNU g++ 4.8.1, std=201103L, MinGW Runtime 3.20, 32-bit, Debug
Started:	Feb 24 2023 17:20:49

Run file:	C:\Users\root\source\repos\Labirint\bin\Debug\Labirint.exe
Directory:	C:\Users\root\source\repos\Labirint

--------------------------------------------------

--------------------------------------------------
TXLib сообщает:

Программа: C:\Users\root\source\repos\Labirint\bin\Debug\Labirint.exe, файл: c:\codeblocks\mingw\include\txlib.h, строка: 13628, функция: bool {anonymous}::TX::txBitBlt(HDC, double, double, double, double, HDC, double, double, unsigned int),

Сообщение: Параметр "sourceImage" неверен. Возможно, этот холст не создан, или уже уничтожен, или не загрузилась картинка.

#1: TXLib [Ver: 00173a, Rev: 171, Date: 2021-07-19 01:45:49 +0400], Instance: 0x004F42FC (32-bit), Flags: CMdRe0, Thread: 0x7B4 (Main), GetLastError(): 13 (Недопустимые данные). 

--------------------------------------------------
Стек вызовов:

# 0 0x00416F73 in C:\Users\root\source\repos\Labirint\bin\Debug\Labirint.exe: txBitBlt() at c:/codeblocks/mingw/include/txlib.h (13628)

# 1 0x0041D56C in C:\Users\root\source\repos\Labirint\bin\Debug\Labirint.exe: main() at C:/Users/root/source/repos/Labirint/main.cpp (59):

     57: 
     58:         txBegin();
=>   59:         txBitBlt(txDC(), 0, 0, 800, 800, fon);
     60: 
     61:         hero.draw();

--------------------------------------------------
Developed with:

The Dumb Artist Library (TX Library)
TXLib [Ver: 00173a, Rev: 171, Date: 2021-07-19 01:45:49 +0400]
Copyright (C) Ded (Ilya Dedinsky, http://txlib.ru) <mail@txlib.ru>
See license on: http://txlib.ru

TXLib file:	c:\codeblocks\mingw\include\txlib.h
Compiled:	Mar 17 2023 16:38:32, GNU g++ 4.8.1, std=201103L, MinGW Runtime 3.20, 32-bit, Debug
Started:	Mar 17 2023 16:54:51

Run file:	C:\Users\root\source\repos\Labirint\bin\Debug\Labirint.exe
Directory:	C:\Users\root\source\repos\Labirint

--------------------------------------------------

--------------------------------------------------
TXLib сообщает:

Программа: C:\Users\root\source\repos\Labirint\bin\Debug\Labirint.exe, файл: c:\codeblocks\mingw\include\txlib.h, строка: 13628, функция: bool {anonymous}::TX::txBitBlt(HDC, double, double, double, double, HDC, double, double, unsigned int),

Сообщение: Параметр "sourceImage" неверен. Возможно, этот холст не создан, или уже уничтожен, или не загрузилась картинка.

#1: TXLib [Ver: 00173a, Rev: 171, Date: 2021-07-19 01:45:49 +0400], Instance: 0x004F42FC (32-bit), Flags: CMdRe0, Thread: 0x5FC (Main), GetLastError(): 13 (Недопустимые данные). 

--------------------------------------------------
Стек вызовов:

# 0 0x00416F73 in C:\Users\root\source\repos\Labirint\bin\Debug\Labirint.exe: txBitBlt() at c:/codeblocks/mingw/include/txlib.h (13628)

# 1 0x0041D576 in C:\Users\root\source\repos\Labirint\bin\Debug\Labirint.exe: main() at C:/Users/root/source/repos/Labirint/main.cpp (59):

     57: 
     58:         txBegin();
=>   59:         txBitBlt(txDC(), 0, 0, 800, 600, fon);
     60: 
     61:         hero.draw();

--------------------------------------------------
Developed with:

The Dumb Artist Library (TX Library)
TXLib [Ver: 00173a, Rev: 171, Date: 2021-07-19 01:45:49 +0400]
Copyright (C) Ded (Ilya Dedinsky, http://txlib.ru) <mail@txlib.ru>
See license on: http://txlib.ru

TXLib file:	c:\codeblocks\mingw\include\txlib.h
Compiled:	Mar 17 2023 17:22:44, GNU g++ 4.8.1, std=201103L, MinGW Runtime 3.20, 32-bit, Debug
Started:	Mar 17 2023 17:22:49

Run file:	C:\Users\root\source\repos\Labirint\bin\Debug\Labirint.exe
Directory:	C:\Users\root\source\repos\Labirint

--------------------------------------------------

--------------------------------------------------
TXLib сообщает:

Программа: C:\Users\root\source\repos\Labirint\bin\Debug\Labirint.exe, файл: c:\codeblocks\mingw\include\txlib.h, строка: 13628, функция: bool {anonymous}::TX::txBitBlt(HDC, double, double, double, double, HDC, double, double, unsigned int),

Сообщение: Параметр "sourceImage" неверен. Возможно, этот холст не создан, или уже уничтожен, или не загрузилась картинка.

#1: TXLib [Ver: 00173a, Rev: 171, Date: 2021-07-19 01:45:49 +0400], Instance: 0x004F42FC (32-bit), Flags: CMdRe0, Thread: 0xACC (Main), GetLastError(): 13 (Недопустимые данные). 

--------------------------------------------------
Стек вызовов:

# 0 0x00416F73 in C:\Users\root\source\repos\Labirint\bin\Debug\Labirint.exe: txBitBlt() at c:/codeblocks/mingw/include/txlib.h (13628)

# 1 0x0041D576 in C:\Users\root\source\repos\Labirint\bin\Debug\Labirint.exe: main() at C:/Users/root/source/repos/Labirint/main.cpp (59):

     57: 
     58:         txBegin();
=>   59:         txBitBlt(txDC(), 0, 0, 800, 600, fon);
     60: 
     61:         hero.draw();

--------------------------------------------------
Developed with:

The Dumb Artist Library (TX Library)
TXLib [Ver: 00173a, Rev: 171, Date: 2021-07-19 01:45:49 +0400]
Copyright (C) Ded (Ilya Dedinsky, http://txlib.ru) <mail@txlib.ru>
See license on: http://txlib.ru

TXLib file:	c:\codeblocks\mingw\include\txlib.h
Compiled:	Mar 17 2023 17:22:44, GNU g++ 4.8.1, std=201103L, MinGW Runtime 3.20, 32-bit, Debug
Started:	Mar 17 2023 17:24:33

Run file:	C:\Users\root\source\repos\Labirint\bin\Debug\Labirint.exe
Directory:	C:\Users\root\source\repos\Labirint

--------------------------------------------------

--------------------------------------------------
TXLib сообщает:

Программа: C:\Users\root\source\repos\Labirint\bin\Debug\Labirint.exe, файл: c:\codeblocks\mingw\include\txlib.h, строка: 13628, функция: bool {anonymous}::TX::txBitBlt(HDC, double, double, double, double, HDC, double, double, unsigned int),

Сообщение: Параметр "sourceImage" неверен. Возможно, этот холст не создан, или уже уничтожен, или не загрузилась картинка.

#1: TXLib [Ver: 00173a, Rev: 171, Date: 2021-07-19 01:45:49 +0400], Instance: 0x004F42FC (32-bit), Flags: CMdRe0, Thread: 0x3244 (Main), GetLastError(): 13 (Недопустимые данные). 

--------------------------------------------------
Стек вызовов:

# 0 0x00416F73 in C:\Users\root\source\repos\Labirint\bin\Debug\Labirint.exe: txBitBlt() at c:/codeblocks/mingw/include/txlib.h (13628)

# 1 0x0041D576 in C:\Users\root\source\repos\Labirint\bin\Debug\Labirint.exe: main() at C:/Users/root/source/repos/Labirint/main.cpp (59):

     57: 
     58:         txBegin();
=>   59:         txBitBlt(txDC(), 0, 0, 800, 600, fon);
     60: 
     61:         hero.draw();

--------------------------------------------------
Developed with:

The Dumb Artist Library (TX Library)
TXLib [Ver: 00173a, Rev: 171, Date: 2021-07-19 01:45:49 +0400]
Copyright (C) Ded (Ilya Dedinsky, http://txlib.ru) <mail@txlib.ru>
See license on: http://txlib.ru

TXLib file:	c:\codeblocks\mingw\include\txlib.h
Compiled:	Mar 17 2023 17:28:06, GNU g++ 4.8.1, std=201103L, MinGW Runtime 3.20, 32-bit, Debug
Started:	Mar 17 2023 17:28:10

Run file:	C:\Users\root\source\repos\Labirint\bin\Debug\Labirint.exe
Directory:	C:\Users\root\source\repos\Labirint

--------------------------------------------------
